0 info it worked if it ends with ok
1 verbose cli [ '/home/austin/.nvm/versions/node/v6.11.4/bin/node',
1 verbose cli   '/home/austin/.nvm/versions/node/v6.11.4/bin/npm',
1 verbose cli   'run',
1 verbose cli   'test' ]
2 info using npm@3.10.10
3 info using node@v6.11.4
4 verbose run-script [ 'pretest', 'test', 'posttest' ]
5 info lifecycle kujira@1.0.0~pretest: kujira@1.0.0
6 silly lifecycle kujira@1.0.0~pretest: no script for pretest, continuing
7 info lifecycle kujira@1.0.0~test: kujira@1.0.0
8 verbose lifecycle kujira@1.0.0~test: unsafe-perm in lifecycle true
9 verbose lifecycle kujira@1.0.0~test: PATH: /home/austin/.nvm/versions/node/v6.11.4/lib/node_modules/npm/bin/node-gyp-bin:/home/austin/repo/kujira/node_modules/.bin:/home/austin/.nvm/versions/node/v6.11.4/bin:/opt/minishift:/opt/openshift:/opt/minishift:/opt/openshift:/home/austin/bin:/home/austin/.local/bin:/usr/local/sbin:/usr/local/bin:/usr/sbin:/usr/bin:/sbin:/bin:/usr/games:/usr/local/games:/usr/local/go/bin:/usr/local/go/bin
10 verbose lifecycle kujira@1.0.0~test: CWD: /home/austin/repo/kujira
11 silly lifecycle kujira@1.0.0~test: Args: [ '-c', 'mocha --ui tdd --timeout 1000000' ]
12 silly lifecycle kujira@1.0.0~test: Returned: code: 2  signal: null
13 info lifecycle kujira@1.0.0~test: Failed to exec test script
14 verbose stack Error: kujira@1.0.0 test: `mocha --ui tdd --timeout 1000000`
14 verbose stack Exit status 2
14 verbose stack     at EventEmitter.<anonymous> (/home/austin/.nvm/versions/node/v6.11.4/lib/node_modules/npm/lib/utils/lifecycle.js:255:16)
14 verbose stack     at emitTwo (events.js:106:13)
14 verbose stack     at EventEmitter.emit (events.js:191:7)
14 verbose stack     at ChildProcess.<anonymous> (/home/austin/.nvm/versions/node/v6.11.4/lib/node_modules/npm/lib/utils/spawn.js:40:14)
14 verbose stack     at emitTwo (events.js:106:13)
14 verbose stack     at ChildProcess.emit (events.js:191:7)
14 verbose stack     at maybeClose (internal/child_process.js:920:16)
14 verbose stack     at Process.ChildProcess._handle.onexit (internal/child_process.js:230:5)
15 verbose pkgid kujira@1.0.0
16 verbose cwd /home/austin/repo/kujira
17 error Linux 4.8.0-53-generic
18 error argv "/home/austin/.nvm/versions/node/v6.11.4/bin/node" "/home/austin/.nvm/versions/node/v6.11.4/bin/npm" "run" "test"
19 error node v6.11.4
20 error npm  v3.10.10
21 error code ELIFECYCLE
22 error kujira@1.0.0 test: `mocha --ui tdd --timeout 1000000`
22 error Exit status 2
23 error Failed at the kujira@1.0.0 test script 'mocha --ui tdd --timeout 1000000'.
23 error Make sure you have the latest version of node.js and npm installed.
23 error If you do, this is most likely a problem with the kujira package,
23 error not with npm itself.
23 error Tell the author that this fails on your system:
23 error     mocha --ui tdd --timeout 1000000
23 error You can get information on how to open an issue for this project with:
23 error     npm bugs kujira
23 error Or if that isn't available, you can get their info via:
23 error     npm owner ls kujira
23 error There is likely additional logging output above.
24 verbose exit [ 1, true ]
